Analysis & Synthesis report for CacheController
Sun Mar 20 00:56:19 2016
Quartus II 64-Bit Version 14.0.2 Build 209 09/17/2014 SJ Full Version


---------------------
; Table of Contents ;
---------------------
  1. Legal Notice
  2. Analysis & Synthesis Summary
  3. Analysis & Synthesis Settings
  4. Parallel Compilation
  5. Analysis & Synthesis Source Files Read
  6. Analysis & Synthesis Resource Usage Summary
  7. Analysis & Synthesis Resource Utilization by Entity
  8. State Machine - |CacheController|state
  9. Registers Removed During Synthesis
 10. General Register Statistics
 11. Multiplexer Restructuring Statistics (Restructuring Performed)
 12. Post-Synthesis Netlist Statistics for Top Partition
 13. Elapsed Time Per Partition
 14. Analysis & Synthesis Messages



----------------
; Legal Notice ;
----------------
Copyright (C) 1991-2014 Altera Corporation. All rights reserved.
Your use of Altera Corporation's design tools, logic functions 
and other software and tools, and its AMPP partner logic 
functions, and any output files from any of the foregoing 
(including device programming or simulation files), and any 
associated documentation or information are expressly subject 
to the terms and conditions of the Altera Program License 
Subscription Agreement, the Altera Quartus II License Agreement,
the Altera MegaCore Function License Agreement, or other 
applicable license agreement, including, without limitation, 
that your use is for the sole purpose of programming logic 
devices manufactured by Altera and sold by Altera or its 
authorized distributors.  Please refer to the applicable 
agreement for further details.



+----------------------------------------------------------------------------------+
; Analysis & Synthesis Summary                                                     ;
+------------------------------------+---------------------------------------------+
; Analysis & Synthesis Status        ; Successful - Sun Mar 20 00:56:19 2016       ;
; Quartus II 64-Bit Version          ; 14.0.2 Build 209 09/17/2014 SJ Full Version ;
; Revision Name                      ; CacheController                             ;
; Top-level Entity Name              ; CacheController                             ;
; Family                             ; Cyclone IV E                                ;
; Total logic elements               ; 1,061                                       ;
;     Total combinational functions  ; 447                                         ;
;     Dedicated logic registers      ; 645                                         ;
; Total registers                    ; 645                                         ;
; Total pins                         ; 139                                         ;
; Total virtual pins                 ; 0                                           ;
; Total memory bits                  ; 0                                           ;
; Embedded Multiplier 9-bit elements ; 0                                           ;
; Total PLLs                         ; 0                                           ;
+------------------------------------+---------------------------------------------+


+----------------------------------------------------------------------------------------------------------------------+
; Analysis & Synthesis Settings                                                                                        ;
+----------------------------------------------------------------------------+--------------------+--------------------+
; Option                                                                     ; Setting            ; Default Value      ;
+----------------------------------------------------------------------------+--------------------+--------------------+
; Device                                                                     ; EP4CE115F29C7      ;                    ;
; Top-level entity name                                                      ; CacheController    ; CacheController    ;
; Family name                                                                ; Cyclone IV E       ; Cyclone IV GX      ;
; Use smart compilation                                                      ; Off                ; Off                ;
; Enable parallel Assembler and TimeQuest Timing Analyzer during compilation ; On                 ; On                 ;
; Enable compact report table                                                ; Off                ; Off                ;
; Restructure Multiplexers                                                   ; Auto               ; Auto               ;
; Create Debugging Nodes for IP Cores                                        ; Off                ; Off                ;
; Preserve fewer node names                                                  ; On                 ; On                 ;
; Disable OpenCore Plus hardware evaluation                                  ; Off                ; Off                ;
; Verilog Version                                                            ; Verilog_2001       ; Verilog_2001       ;
; VHDL Version                                                               ; VHDL_1993          ; VHDL_1993          ;
; State Machine Processing                                                   ; Auto               ; Auto               ;
; Safe State Machine                                                         ; Off                ; Off                ;
; Extract Verilog State Machines                                             ; On                 ; On                 ;
; Extract VHDL State Machines                                                ; On                 ; On                 ;
; Ignore Verilog initial constructs                                          ; Off                ; Off                ;
; Iteration limit for constant Verilog loops                                 ; 5000               ; 5000               ;
; Iteration limit for non-constant Verilog loops                             ; 250                ; 250                ;
; Add Pass-Through Logic to Inferred RAMs                                    ; On                 ; On                 ;
; Infer RAMs from Raw Logic                                                  ; On                 ; On                 ;
; Parallel Synthesis                                                         ; On                 ; On                 ;
; DSP Block Balancing                                                        ; Auto               ; Auto               ;
; NOT Gate Push-Back                                                         ; On                 ; On                 ;
; Power-Up Don't Care                                                        ; On                 ; On                 ;
; Remove Redundant Logic Cells                                               ; Off                ; Off                ;
; Remove Duplicate Registers                                                 ; On                 ; On                 ;
; Ignore CARRY Buffers                                                       ; Off                ; Off                ;
; Ignore CASCADE Buffers                                                     ; Off                ; Off                ;
; Ignore GLOBAL Buffers                                                      ; Off                ; Off                ;
; Ignore ROW GLOBAL Buffers                                                  ; Off                ; Off                ;
; Ignore LCELL Buffers                                                       ; Off                ; Off                ;
; Ignore SOFT Buffers                                                        ; On                 ; On                 ;
; Limit AHDL Integers to 32 Bits                                             ; Off                ; Off                ;
; Optimization Technique                                                     ; Balanced           ; Balanced           ;
; Carry Chain Length                                                         ; 70                 ; 70                 ;
; Auto Carry Chains                                                          ; On                 ; On                 ;
; Auto Open-Drain Pins                                                       ; On                 ; On                 ;
; Perform WYSIWYG Primitive Resynthesis                                      ; Off                ; Off                ;
; Auto ROM Replacement                                                       ; On                 ; On                 ;
; Auto RAM Replacement                                                       ; On                 ; On                 ;
; Auto DSP Block Replacement                                                 ; On                 ; On                 ;
; Auto Shift Register Replacement                                            ; Auto               ; Auto               ;
; Allow Shift Register Merging across Hierarchies                            ; Auto               ; Auto               ;
; Auto Clock Enable Replacement                                              ; On                 ; On                 ;
; Strict RAM Replacement                                                     ; Off                ; Off                ;
; Allow Synchronous Control Signals                                          ; On                 ; On                 ;
; Force Use of Synchronous Clear Signals                                     ; Off                ; Off                ;
; Auto RAM Block Balancing                                                   ; On                 ; On                 ;
; Auto RAM to Logic Cell Conversion                                          ; Off                ; Off                ;
; Auto Resource Sharing                                                      ; Off                ; Off                ;
; Allow Any RAM Size For Recognition                                         ; Off                ; Off                ;
; Allow Any ROM Size For Recognition                                         ; Off                ; Off                ;
; Allow Any Shift Register Size For Recognition                              ; Off                ; Off                ;
; Use LogicLock Constraints during Resource Balancing                        ; On                 ; On                 ;
; Ignore translate_off and synthesis_off directives                          ; Off                ; Off                ;
; Timing-Driven Synthesis                                                    ; On                 ; On                 ;
; Report Parameter Settings                                                  ; On                 ; On                 ;
; Report Source Assignments                                                  ; On                 ; On                 ;
; Report Connectivity Checks                                                 ; On                 ; On                 ;
; Ignore Maximum Fan-Out Assignments                                         ; Off                ; Off                ;
; Synchronization Register Chain Length                                      ; 2                  ; 2                  ;
; PowerPlay Power Optimization                                               ; Normal compilation ; Normal compilation ;
; HDL message level                                                          ; Level2             ; Level2             ;
; Suppress Register Optimization Related Messages                            ; Off                ; Off                ;
; Number of Removed Registers Reported in Synthesis Report                   ; 5000               ; 5000               ;
; Number of Swept Nodes Reported in Synthesis Report                         ; 5000               ; 5000               ;
; Number of Inverted Registers Reported in Synthesis Report                  ; 100                ; 100                ;
; Clock MUX Protection                                                       ; On                 ; On                 ;
; Auto Gated Clock Conversion                                                ; Off                ; Off                ;
; Block Design Naming                                                        ; Auto               ; Auto               ;
; SDC constraint protection                                                  ; Off                ; Off                ;
; Synthesis Effort                                                           ; Auto               ; Auto               ;
; Shift Register Replacement - Allow Asynchronous Clear Signal               ; On                 ; On                 ;
; Pre-Mapping Resynthesis Optimization                                       ; Off                ; Off                ;
; Analysis & Synthesis Message Level                                         ; Medium             ; Medium             ;
; Disable Register Merging Across Hierarchies                                ; Auto               ; Auto               ;
; Resource Aware Inference For Block RAM                                     ; On                 ; On                 ;
; Synthesis Seed                                                             ; 1                  ; 1                  ;
+----------------------------------------------------------------------------+--------------------+--------------------+


+------------------------------------------+
; Parallel Compilation                     ;
+----------------------------+-------------+
; Processors                 ; Number      ;
+----------------------------+-------------+
; Number detected on machine ; 4           ;
; Maximum allowed            ; 4           ;
;                            ;             ;
; Average used               ; 1.00        ;
; Maximum used               ; 4           ;
;                            ;             ;
; Usage by Processor         ; % Time Used ;
;     Processor 1            ; 100.0%      ;
;     Processors 2-4         ; < 0.1%      ;
+----------------------------+-------------+


+----------------------------------------------------------------------------------------------------------------------------------------------------+
; Analysis & Synthesis Source Files Read                                                                                                             ;
+----------------------------------+-----------------+-----------------+-------------------------------------------------------------------+---------+
; File Name with User-Entered Path ; Used in Netlist ; File Type       ; File Name with Absolute Path                                      ; Library ;
+----------------------------------+-----------------+-----------------+-------------------------------------------------------------------+---------+
; TagMemory.vhd                    ; yes             ; User VHDL File  ; C:/Users/dorozco/Desktop/test-cacheController/TagMemory.vhd       ;         ;
; DataMemory.vhd                   ; yes             ; User VHDL File  ; C:/Users/dorozco/Desktop/test-cacheController/DataMemory.vhd      ;         ;
; CacheController.vhd              ; yes             ; User VHDL File  ; C:/Users/dorozco/Desktop/test-cacheController/CacheController.vhd ;         ;
; MP_lib.vhd                       ; yes             ; User VHDL File  ; C:/Users/dorozco/Desktop/test-cacheController/MP_lib.vhd          ;         ;
+----------------------------------+-----------------+-----------------+-------------------------------------------------------------------+---------+


+-----------------------------------------------------------+
; Analysis & Synthesis Resource Usage Summary               ;
+---------------------------------------------+-------------+
; Resource                                    ; Usage       ;
+---------------------------------------------+-------------+
; Estimated Total logic elements              ; 1,061       ;
;                                             ;             ;
; Total combinational functions               ; 447         ;
; Logic element usage by number of LUT inputs ;             ;
;     -- 4 input functions                    ; 411         ;
;     -- 3 input functions                    ; 24          ;
;     -- <=2 input functions                  ; 12          ;
;                                             ;             ;
; Logic elements by mode                      ;             ;
;     -- normal mode                          ; 447         ;
;     -- arithmetic mode                      ; 0           ;
;                                             ;             ;
; Total registers                             ; 645         ;
;     -- Dedicated logic registers            ; 645         ;
;     -- I/O registers                        ; 0           ;
;                                             ;             ;
; I/O pins                                    ; 139         ;
; Embedded Multiplier 9-bit elements          ; 0           ;
; Maximum fan-out node                        ; clock~input ;
; Maximum fan-out                             ; 645         ;
; Total fan-out                               ; 4411        ;
; Average fan-out                             ; 3.22        ;
+---------------------------------------------+-------------+


+-------------------------------------------------------------------------------------------------------------------------------------------------------------------------------------------+
; Analysis & Synthesis Resource Utilization by Entity                                                                                                                                       ;
+----------------------------+-------------------+--------------+-------------+--------------+---------+-----------+------+--------------+-----------------------------------+--------------+
; Compilation Hierarchy Node ; LC Combinationals ; LC Registers ; Memory Bits ; DSP Elements ; DSP 9x9 ; DSP 18x18 ; Pins ; Virtual Pins ; Full Hierarchy Name               ; Library Name ;
+----------------------------+-------------------+--------------+-------------+--------------+---------+-----------+------+--------------+-----------------------------------+--------------+
; |CacheController           ; 447 (22)          ; 645 (60)     ; 0           ; 0            ; 0       ; 0         ; 139  ; 0            ; |CacheController                  ; work         ;
;    |DataMemory:unit2|      ; 377 (377)         ; 528 (528)    ; 0           ; 0            ; 0       ; 0         ; 0    ; 0            ; |CacheController|DataMemory:unit2 ; work         ;
;    |TagMemory:unit1|       ; 48 (48)           ; 57 (57)      ; 0           ; 0            ; 0       ; 0         ; 0    ; 0            ; |CacheController|TagMemory:unit1  ; work         ;
+----------------------------+-------------------+--------------+-------------+--------------+---------+-----------+------+--------------+-----------------------------------+--------------+
Note: For table entries with two numbers listed, the numbers in parentheses indicate the number of resources of the given type used by the specific entity alone. The numbers listed outside of parentheses indicate the total resources of the given type used by the specific entity and all of its sub-entities in the hierarchy.


Encoding Type:  One-Hot
+--------------------------------------------------------------------------------------------------------------------------+
; State Machine - |CacheController|state                                                                                   ;
+-----------+----------+----------+-----------+----------+----------+----------+----------+----------+----------+----------+
; Name      ; state.s8 ; state.s7 ; state.s6b ; state.s6 ; state.s5 ; state.s4 ; state.s3 ; state.s2 ; state.s1 ; state.s0 ;
+-----------+----------+----------+-----------+----------+----------+----------+----------+----------+----------+----------+
; state.s0  ; 0        ; 0        ; 0         ; 0        ; 0        ; 0        ; 0        ; 0        ; 0        ; 0        ;
; state.s1  ; 0        ; 0        ; 0         ; 0        ; 0        ; 0        ; 0        ; 0        ; 1        ; 1        ;
; state.s2  ; 0        ; 0        ; 0         ; 0        ; 0        ; 0        ; 0        ; 1        ; 0        ; 1        ;
; state.s3  ; 0        ; 0        ; 0         ; 0        ; 0        ; 0        ; 1        ; 0        ; 0        ; 1        ;
; state.s4  ; 0        ; 0        ; 0         ; 0        ; 0        ; 1        ; 0        ; 0        ; 0        ; 1        ;
; state.s5  ; 0        ; 0        ; 0         ; 0        ; 1        ; 0        ; 0        ; 0        ; 0        ; 1        ;
; state.s6  ; 0        ; 0        ; 0         ; 1        ; 0        ; 0        ; 0        ; 0        ; 0        ; 1        ;
; state.s6b ; 0        ; 0        ; 1         ; 0        ; 0        ; 0        ; 0        ; 0        ; 0        ; 1        ;
; state.s7  ; 0        ; 1        ; 0         ; 0        ; 0        ; 0        ; 0        ; 0        ; 0        ; 1        ;
; state.s8  ; 1        ; 0        ; 0         ; 0        ; 0        ; 0        ; 0        ; 0        ; 0        ; 1        ;
+-----------+----------+----------+-----------+----------+----------+----------+----------+----------+----------+----------+


+---------------------------------------------------------------------------------+
; Registers Removed During Synthesis                                              ;
+----------------------------------------+----------------------------------------+
; Register name                          ; Reason for Removal                     ;
+----------------------------------------+----------------------------------------+
; tag_enable                             ; Stuck at VCC due to stuck port data_in ;
; write_block                            ; Stuck at GND due to stuck port data_in ;
; data_block[0..63]                      ; Lost fanout                            ;
; state.s8                               ; Stuck at GND due to stuck port data_in ;
; Total Number of Removed Registers = 67 ;                                        ;
+----------------------------------------+----------------------------------------+


+------------------------------------------------------+
; General Register Statistics                          ;
+----------------------------------------------+-------+
; Statistic                                    ; Value ;
+----------------------------------------------+-------+
; Total registers                              ; 645   ;
; Number of registers using Synchronous Clear  ; 0     ;
; Number of registers using Synchronous Load   ; 0     ;
; Number of registers using Asynchronous Clear ; 580   ;
; Number of registers using Asynchronous Load  ; 0     ;
; Number of registers using Clock Enable       ; 632   ;
; Number of registers using Preset             ; 0     ;
+----------------------------------------------+-------+


+-------------------------------------------------------------------------------------------------------------------------------------------------------------+
; Multiplexer Restructuring Statistics (Restructuring Performed)                                                                                              ;
+--------------------+-----------+---------------+----------------------+------------------------+------------+-----------------------------------------------+
; Multiplexer Inputs ; Bus Width ; Baseline Area ; Area if Restructured ; Saving if Restructured ; Registered ; Example Multiplexer Output                    ;
+--------------------+-----------+---------------+----------------------+------------------------+------------+-----------------------------------------------+
; 6:1                ; 2 bits    ; 8 LEs         ; 4 LEs                ; 4 LEs                  ; Yes        ; |CacheController|write_data                   ;
; 32:1               ; 16 bits   ; 336 LEs       ; 336 LEs              ; 0 LEs                  ; Yes        ; |CacheController|DataMemory:unit2|data_out[2] ;
; 3:1                ; 2 bits    ; 4 LEs         ; 4 LEs                ; 0 LEs                  ; No         ; |CacheController|state                        ;
; 8:1                ; 7 bits    ; 35 LEs        ; 35 LEs               ; 0 LEs                  ; No         ; |CacheController|TagMemory:unit1|Mux6         ;
; 5:1                ; 2 bits    ; 6 LEs         ; 4 LEs                ; 2 LEs                  ; No         ; |CacheController|Selector7                    ;
+--------------------+-----------+---------------+----------------------+------------------------+------------+-----------------------------------------------+


+-----------------------------------------------------+
; Post-Synthesis Netlist Statistics for Top Partition ;
+-----------------------+-----------------------------+
; Type                  ; Count                       ;
+-----------------------+-----------------------------+
; boundary_port         ; 139                         ;
; cycloneiii_ff         ; 645                         ;
;     CLR               ; 12                          ;
;     ENA               ; 64                          ;
;     ENA CLR           ; 568                         ;
;     plain             ; 1                           ;
; cycloneiii_lcell_comb ; 447                         ;
;     normal            ; 447                         ;
;         2 data inputs ; 12                          ;
;         3 data inputs ; 24                          ;
;         4 data inputs ; 411                         ;
;                       ;                             ;
; Max LUT depth         ; 5.00                        ;
; Average LUT depth     ; 3.82                        ;
+-----------------------+-----------------------------+


+-------------------------------+
; Elapsed Time Per Partition    ;
+----------------+--------------+
; Partition Name ; Elapsed Time ;
+----------------+--------------+
; Top            ; 00:00:01     ;
+----------------+--------------+


+-------------------------------+
; Analysis & Synthesis Messages ;
+-------------------------------+
Info: *******************************************************************
Info: Running Quartus II 64-Bit Analysis & Synthesis
    Info: Version 14.0.2 Build 209 09/17/2014 SJ Full Version
    Info: Processing started: Sun Mar 20 00:56:15 2016
Info: Command: quartus_map --read_settings_files=on --write_settings_files=off CacheController -c CacheController
Info (20030): Parallel compilation is enabled and will use 4 of the 4 processors detected
Info (12021): Found 2 design units, including 1 entities, in source file tagmemory.vhd
    Info (12022): Found design unit 1: TagMemory-behav
    Info (12023): Found entity 1: TagMemory
Info (12021): Found 2 design units, including 1 entities, in source file datamemory.vhd
    Info (12022): Found design unit 1: DataMemory-behav
    Info (12023): Found entity 1: DataMemory
Info (12021): Found 2 design units, including 1 entities, in source file cachecontroller.vhd
    Info (12022): Found design unit 1: CacheController-behav
    Info (12023): Found entity 1: CacheController
Info (12021): Found 2 design units, including 0 entities, in source file mp_lib.vhd
    Info (12022): Found design unit 1: MP_lib
    Info (12022): Found design unit 2: MP_lib-body
Info (12127): Elaborating entity "CacheController" for the top level hierarchy
Info (12128): Elaborating entity "TagMemory" for hierarchy "TagMemory:unit1"
Info (12128): Elaborating entity "DataMemory" for hierarchy "DataMemory:unit2"
Warning (10492): VHDL Process Statement warning at DataMemory.vhd(48): signal "data_block" is read inside the Process Statement but isn't in the Process Statement's sensitivity list
Warning (10492): VHDL Process Statement warning at DataMemory.vhd(49): signal "data_block" is read inside the Process Statement but isn't in the Process Statement's sensitivity list
Warning (10492): VHDL Process Statement warning at DataMemory.vhd(50): signal "data_block" is read inside the Process Statement but isn't in the Process Statement's sensitivity list
Warning (10492): VHDL Process Statement warning at DataMemory.vhd(51): signal "data_block" is read inside the Process Statement but isn't in the Process Statement's sensitivity list
Warning (10631): VHDL Process Statement warning at DataMemory.vhd(38): inferring latch(es) for signal or variable "blockReplaced", which holds its previous value in one or more paths through the process
Info (10041): Inferred latch for "blockReplaced" at DataMemory.vhd(38)
Info (10008): Verilog HDL or VHDL information: EDA Netlist Writer cannot regroup multidimensional array "memory" into its bus
Info (286030): Timing-Driven Synthesis is running
Info (17049): 64 registers lost all their fanouts during netlist optimizations.
Info (16010): Generating hard_block partition "hard_block:auto_generated_inst"
    Info (16011): Adding 0 node(s), including 0 DDIO, 0 PLL, 0 transceiver and 0 LCELL
Warning (21074): Design contains 76 input pin(s) that do not drive logic
    Warning (15610): No output dependent on input pin "data_block_in[0]"
    Warning (15610): No output dependent on input pin "data_block_in[1]"
    Warning (15610): No output dependent on input pin "data_block_in[2]"
    Warning (15610): No output dependent on input pin "data_block_in[3]"
    Warning (15610): No output dependent on input pin "data_block_in[4]"
    Warning (15610): No output dependent on input pin "data_block_in[5]"
    Warning (15610): No output dependent on input pin "data_block_in[6]"
    Warning (15610): No output dependent on input pin "data_block_in[7]"
    Warning (15610): No output dependent on input pin "data_block_in[8]"
    Warning (15610): No output dependent on input pin "data_block_in[9]"
    Warning (15610): No output dependent on input pin "data_block_in[10]"
    Warning (15610): No output dependent on input pin "data_block_in[11]"
    Warning (15610): No output dependent on input pin "data_block_in[12]"
    Warning (15610): No output dependent on input pin "data_block_in[13]"
    Warning (15610): No output dependent on input pin "data_block_in[14]"
    Warning (15610): No output dependent on input pin "data_block_in[15]"
    Warning (15610): No output dependent on input pin "data_block_in[16]"
    Warning (15610): No output dependent on input pin "data_block_in[17]"
    Warning (15610): No output dependent on input pin "data_block_in[18]"
    Warning (15610): No output dependent on input pin "data_block_in[19]"
    Warning (15610): No output dependent on input pin "data_block_in[20]"
    Warning (15610): No output dependent on input pin "data_block_in[21]"
    Warning (15610): No output dependent on input pin "data_block_in[22]"
    Warning (15610): No output dependent on input pin "data_block_in[23]"
    Warning (15610): No output dependent on input pin "data_block_in[24]"
    Warning (15610): No output dependent on input pin "data_block_in[25]"
    Warning (15610): No output dependent on input pin "data_block_in[26]"
    Warning (15610): No output dependent on input pin "data_block_in[27]"
    Warning (15610): No output dependent on input pin "data_block_in[28]"
    Warning (15610): No output dependent on input pin "data_block_in[29]"
    Warning (15610): No output dependent on input pin "data_block_in[30]"
    Warning (15610): No output dependent on input pin "data_block_in[31]"
    Warning (15610): No output dependent on input pin "data_block_in[32]"
    Warning (15610): No output dependent on input pin "data_block_in[33]"
    Warning (15610): No output dependent on input pin "data_block_in[34]"
    Warning (15610): No output dependent on input pin "data_block_in[35]"
    Warning (15610): No output dependent on input pin "data_block_in[36]"
    Warning (15610): No output dependent on input pin "data_block_in[37]"
    Warning (15610): No output dependent on input pin "data_block_in[38]"
    Warning (15610): No output dependent on input pin "data_block_in[39]"
    Warning (15610): No output dependent on input pin "data_block_in[40]"
    Warning (15610): No output dependent on input pin "data_block_in[41]"
    Warning (15610): No output dependent on input pin "data_block_in[42]"
    Warning (15610): No output dependent on input pin "data_block_in[43]"
    Warning (15610): No output dependent on input pin "data_block_in[44]"
    Warning (15610): No output dependent on input pin "data_block_in[45]"
    Warning (15610): No output dependent on input pin "data_block_in[46]"
    Warning (15610): No output dependent on input pin "data_block_in[47]"
    Warning (15610): No output dependent on input pin "data_block_in[48]"
    Warning (15610): No output dependent on input pin "data_block_in[49]"
    Warning (15610): No output dependent on input pin "data_block_in[50]"
    Warning (15610): No output dependent on input pin "data_block_in[51]"
    Warning (15610): No output dependent on input pin "data_block_in[52]"
    Warning (15610): No output dependent on input pin "data_block_in[53]"
    Warning (15610): No output dependent on input pin "data_block_in[54]"
    Warning (15610): No output dependent on input pin "data_block_in[55]"
    Warning (15610): No output dependent on input pin "data_block_in[56]"
    Warning (15610): No output dependent on input pin "data_block_in[57]"
    Warning (15610): No output dependent on input pin "data_block_in[58]"
    Warning (15610): No output dependent on input pin "data_block_in[59]"
    Warning (15610): No output dependent on input pin "data_block_in[60]"
    Warning (15610): No output dependent on input pin "data_block_in[61]"
    Warning (15610): No output dependent on input pin "data_block_in[62]"
    Warning (15610): No output dependent on input pin "data_block_in[63]"
    Warning (15610): No output dependent on input pin "address_block_in[0]"
    Warning (15610): No output dependent on input pin "address_block_in[1]"
    Warning (15610): No output dependent on input pin "address_block_in[2]"
    Warning (15610): No output dependent on input pin "address_block_in[3]"
    Warning (15610): No output dependent on input pin "address_block_in[4]"
    Warning (15610): No output dependent on input pin "address_block_in[5]"
    Warning (15610): No output dependent on input pin "address_block_in[6]"
    Warning (15610): No output dependent on input pin "address_block_in[7]"
    Warning (15610): No output dependent on input pin "address_block_in[8]"
    Warning (15610): No output dependent on input pin "address_block_in[9]"
    Warning (15610): No output dependent on input pin "address_block_in[10]"
    Warning (15610): No output dependent on input pin "address_block_in[11]"
Info (21057): Implemented 1200 device resources after synthesis - the final resource count might be different
    Info (21058): Implemented 109 input pins
    Info (21059): Implemented 30 output pins
    Info (21061): Implemented 1061 logic cells
Info: Quartus II 64-Bit Analysis & Synthesis was successful. 0 errors, 82 warnings
    Info: Peak virtual memory: 613 megabytes
    Info: Processing ended: Sun Mar 20 00:56:19 2016
    Info: Elapsed time: 00:00:04
    Info: Total CPU time (on all processors): 00:00:03


